[2021-12-27 06:30:29:1069][restartedMain] INFO  k.n.s.FileScheduleSftmApplication - Starting FileScheduleSftmApplication using Java 1.8.0_241 on DESKTOP-SINPIE2 with PID 20684 (C:\project\apiproject\fileScheduleSFTM\target\classes started by USER in C:\project\apiproject\fileScheduleSFTM)
[2021-12-27 06:30:29:1074][restartedMain] DEBUG k.n.s.FileScheduleSftmApplication - Running with Spring Boot v2.5.6, Spring v5.3.12
[2021-12-27 06:30:29:1075][restartedMain] INFO  k.n.s.FileScheduleSftmApplication - No active profile set, falling back to default profiles: default
[2021-12-27 06:30:33:4927][restartedMain] INFO  k.n.s.FileScheduleSftmApplication - Started FileScheduleSftmApplication in 4.649 seconds (JVM running for 5.928)
[2021-12-27 06:30:49:21303][restartedMain] INFO  k.n.s.FileScheduleSftmApplication - Starting FileScheduleSftmApplication using Java 1.8.0_241 on DESKTOP-SINPIE2 with PID 20684 (C:\project\apiproject\fileScheduleSFTM\target\classes started by USER in C:\project\apiproject\fileScheduleSFTM)
[2021-12-27 06:30:49:21303][restartedMain] DEBUG k.n.s.FileScheduleSftmApplication - Running with Spring Boot v2.5.6, Spring v5.3.12
[2021-12-27 06:30:49:21303][restartedMain] INFO  k.n.s.FileScheduleSftmApplication - No active profile set, falling back to default profiles: default
[2021-12-27 06:30:50:22306][restartedMain] INFO  k.n.s.FileScheduleSftmApplication - Started FileScheduleSftmApplication in 1.057 seconds (JVM running for 23.307)
[2021-12-27 06:33:14:717][restartedMain] INFO  k.n.s.FileScheduleSftmApplication - Starting FileScheduleSftmApplication using Java 1.8.0_241 on DESKTOP-SINPIE2 with PID 24396 (C:\project\apiproject\fileScheduleSFTM\target\classes started by USER in C:\project\apiproject\fileScheduleSFTM)
[2021-12-27 06:33:14:718][restartedMain] DEBUG k.n.s.FileScheduleSftmApplication - Running with Spring Boot v2.5.6, Spring v5.3.12
[2021-12-27 06:33:14:718][restartedMain] INFO  k.n.s.FileScheduleSftmApplication - No active profile set, falling back to default profiles: default
[2021-12-27 06:33:17:4088][restartedMain] INFO  k.n.s.FileScheduleSftmApplication - Started FileScheduleSftmApplication in 3.865 seconds (JVM running for 4.932)
[2021-12-27 06:37:42:269501][restartedMain] INFO  k.n.s.FileScheduleSftmApplication - Starting FileScheduleSftmApplication using Java 1.8.0_241 on DESKTOP-SINPIE2 with PID 24396 (C:\project\apiproject\fileScheduleSFTM\target\classes started by USER in C:\project\apiproject\fileScheduleSFTM)
[2021-12-27 06:37:42:269501][restartedMain] DEBUG k.n.s.FileScheduleSftmApplication - Running with Spring Boot v2.5.6, Spring v5.3.12
[2021-12-27 06:37:42:269501][restartedMain] INFO  k.n.s.FileScheduleSftmApplication - No active profile set, falling back to default profiles: default
[2021-12-27 06:37:43:270448][restartedMain] INFO  k.n.s.FileScheduleSftmApplication - Started FileScheduleSftmApplication in 0.988 seconds (JVM running for 271.292)
[2021-12-27 06:39:14:361209][restartedMain] INFO  k.n.s.FileScheduleSftmApplication - Starting FileScheduleSftmApplication using Java 1.8.0_241 on DESKTOP-SINPIE2 with PID 24396 (C:\project\apiproject\fileScheduleSFTM\target\classes started by USER in C:\project\apiproject\fileScheduleSFTM)
[2021-12-27 06:39:14:361209][restartedMain] DEBUG k.n.s.FileScheduleSftmApplication - Running with Spring Boot v2.5.6, Spring v5.3.12
[2021-12-27 06:39:14:361210][restartedMain] INFO  k.n.s.FileScheduleSftmApplication - No active profile set, falling back to default profiles: default
[2021-12-27 06:39:15:362138][restartedMain] INFO  k.n.s.FileScheduleSftmApplication - Started FileScheduleSftmApplication in 0.974 seconds (JVM running for 362.982)
[2021-12-27 06:39:54:697][restartedMain] INFO  k.n.s.FileScheduleSftmApplication - Starting FileScheduleSftmApplication using Java 1.8.0_241 on DESKTOP-SINPIE2 with PID 9824 (C:\project\apiproject\fileScheduleSFTM\target\classes started by USER in C:\project\apiproject\fileScheduleSFTM)
[2021-12-27 06:39:54:698][restartedMain] DEBUG k.n.s.FileScheduleSftmApplication - Running with Spring Boot v2.5.6, Spring v5.3.12
[2021-12-27 06:39:54:698][restartedMain] INFO  k.n.s.FileScheduleSftmApplication - No active profile set, falling back to default profiles: default
[2021-12-27 06:39:57:3807][restartedMain] INFO  k.n.s.FileScheduleSftmApplication - Started FileScheduleSftmApplication in 3.585 seconds (JVM running for 4.617)
[2021-12-27 06:40:34:40672][restartedMain] INFO  k.n.s.FileScheduleSftmApplication - Starting FileScheduleSftmApplication using Java 1.8.0_241 on DESKTOP-SINPIE2 with PID 9824 (C:\project\apiproject\fileScheduleSFTM\target\classes started by USER in C:\project\apiproject\fileScheduleSFTM)
[2021-12-27 06:40:34:40673][restartedMain] DEBUG k.n.s.FileScheduleSftmApplication - Running with Spring Boot v2.5.6, Spring v5.3.12
[2021-12-27 06:40:34:40673][restartedMain] INFO  k.n.s.FileScheduleSftmApplication - No active profile set, falling back to default profiles: default
[2021-12-27 06:40:35:41762][restartedMain] INFO  k.n.s.FileScheduleSftmApplication - Started FileScheduleSftmApplication in 1.142 seconds (JVM running for 42.572)
[2021-12-27 06:43:39:715][restartedMain] INFO  k.n.s.FileScheduleSftmApplication - Starting FileScheduleSftmApplication using Java 1.8.0_241 on DESKTOP-SINPIE2 with PID 13264 (C:\project\apiproject\fileScheduleSFTM\target\classes started by USER in C:\project\apiproject\fileScheduleSFTM)
[2021-12-27 06:43:39:716][restartedMain] DEBUG k.n.s.FileScheduleSftmApplication - Running with Spring Boot v2.5.6, Spring v5.3.12
[2021-12-27 06:43:39:716][restartedMain] INFO  k.n.s.FileScheduleSftmApplication - No active profile set, falling back to default profiles: default
[2021-12-27 06:43:42:4009][restartedMain] INFO  k.n.s.FileScheduleSftmApplication - Started FileScheduleSftmApplication in 3.79 seconds (JVM running for 4.815)
[2021-12-27 06:46:26:167984][restartedMain] INFO  k.n.s.FileScheduleSftmApplication - Starting FileScheduleSftmApplication using Java 1.8.0_241 on DESKTOP-SINPIE2 with PID 13264 (C:\project\apiproject\fileScheduleSFTM\target\classes started by USER in C:\project\apiproject\fileScheduleSFTM)
[2021-12-27 06:46:26:167984][restartedMain] DEBUG k.n.s.FileScheduleSftmApplication - Running with Spring Boot v2.5.6, Spring v5.3.12
[2021-12-27 06:46:26:167984][restartedMain] INFO  k.n.s.FileScheduleSftmApplication - No active profile set, falling back to default profiles: default
[2021-12-27 06:46:27:169564][restartedMain] INFO  k.n.s.FileScheduleSftmApplication - Started FileScheduleSftmApplication in 1.624 seconds (JVM running for 170.371)
[2021-12-27 06:53:24:790][restartedMain] INFO  k.n.s.FileScheduleSftmApplication - Starting FileScheduleSftmApplication using Java 1.8.0_241 on DESKTOP-SINPIE2 with PID 16100 (C:\project\apiproject\fileScheduleSFTM\target\classes started by USER in C:\project\apiproject\fileScheduleSFTM)
[2021-12-27 06:53:24:791][restartedMain] DEBUG k.n.s.FileScheduleSftmApplication - Running with Spring Boot v2.5.6, Spring v5.3.12
[2021-12-27 06:53:24:791][restartedMain] INFO  k.n.s.FileScheduleSftmApplication - No active profile set, falling back to default profiles: default
[2021-12-27 06:53:27:4090][restartedMain] INFO  k.n.s.FileScheduleSftmApplication - Started FileScheduleSftmApplication in 3.864 seconds (JVM running for 4.902)
[2021-12-27 06:55:03:727][restartedMain] INFO  k.n.s.FileScheduleSftmApplication - Starting FileScheduleSftmApplication using Java 1.8.0_241 on DESKTOP-SINPIE2 with PID 15940 (C:\project\apiproject\fileScheduleSFTM\target\classes started by USER in C:\project\apiproject\fileScheduleSFTM)
[2021-12-27 06:55:03:728][restartedMain] DEBUG k.n.s.FileScheduleSftmApplication - Running with Spring Boot v2.5.6, Spring v5.3.12
[2021-12-27 06:55:03:728][restartedMain] INFO  k.n.s.FileScheduleSftmApplication - No active profile set, falling back to default profiles: default
[2021-12-27 06:55:06:3966][restartedMain] INFO  k.n.s.FileScheduleSftmApplication - Started FileScheduleSftmApplication in 3.733 seconds (JVM running for 4.809)
[2021-12-27 06:58:28:770][restartedMain] INFO  k.n.s.FileScheduleSftmApplication - Starting FileScheduleSftmApplication using Java 1.8.0_241 on DESKTOP-SINPIE2 with PID 3500 (C:\project\apiproject\fileScheduleSFTM\target\classes started by USER in C:\project\apiproject\fileScheduleSFTM)
[2021-12-27 06:58:28:771][restartedMain] DEBUG k.n.s.FileScheduleSftmApplication - Running with Spring Boot v2.5.6, Spring v5.3.12
[2021-12-27 06:58:28:771][restartedMain] INFO  k.n.s.FileScheduleSftmApplication - No active profile set, falling back to default profiles: default
[2021-12-27 06:58:55:774][restartedMain] INFO  k.n.s.FileScheduleSftmApplication - Starting FileScheduleSftmApplication using Java 1.8.0_241 on DESKTOP-SINPIE2 with PID 5104 (C:\project\apiproject\fileScheduleSFTM\target\classes started by USER in C:\project\apiproject\fileScheduleSFTM)
[2021-12-27 06:58:55:775][restartedMain] DEBUG k.n.s.FileScheduleSftmApplication - Running with Spring Boot v2.5.6, Spring v5.3.12
[2021-12-27 06:58:55:775][restartedMain] INFO  k.n.s.FileScheduleSftmApplication - No active profile set, falling back to default profiles: default
[2021-12-27 06:58:58:3929][restartedMain] INFO  k.n.s.FileScheduleSftmApplication - Started FileScheduleSftmApplication in 3.697 seconds (JVM running for 4.779)
[2021-12-27 07:03:11:711][restartedMain] INFO  k.n.s.FileScheduleSftmApplication - Starting FileScheduleSftmApplication using Java 1.8.0_241 on DESKTOP-SINPIE2 with PID 17640 (C:\project\apiproject\fileScheduleSFTM\target\classes started by USER in C:\project\apiproject\fileScheduleSFTM)
[2021-12-27 07:03:11:711][restartedMain] DEBUG k.n.s.FileScheduleSftmApplication - Running with Spring Boot v2.5.6, Spring v5.3.12
[2021-12-27 07:03:11:712][restartedMain] INFO  k.n.s.FileScheduleSftmApplication - No active profile set, falling back to default profiles: default
[2021-12-27 07:03:14:3895][restartedMain] INFO  k.n.s.FileScheduleSftmApplication - Started FileScheduleSftmApplication in 3.673 seconds (JVM running for 4.741)
[2021-12-27 07:04:13:715][restartedMain] INFO  k.n.s.FileScheduleSftmApplication - Starting FileScheduleSftmApplication using Java 1.8.0_241 on DESKTOP-SINPIE2 with PID 18880 (C:\project\apiproject\fileScheduleSFTM\target\classes started by USER in C:\project\apiproject\fileScheduleSFTM)
[2021-12-27 07:04:13:716][restartedMain] DEBUG k.n.s.FileScheduleSftmApplication - Running with Spring Boot v2.5.6, Spring v5.3.12
[2021-12-27 07:04:13:716][restartedMain] INFO  k.n.s.FileScheduleSftmApplication - No active profile set, falling back to default profiles: default
[2021-12-27 07:04:16:4029][restartedMain] INFO  k.n.s.FileScheduleSftmApplication - Started FileScheduleSftmApplication in 3.799 seconds (JVM running for 4.876)
[2021-12-27 07:10:18:735][restartedMain] INFO  k.n.s.FileScheduleSftmApplication - Starting FileScheduleSftmApplication using Java 1.8.0_241 on DESKTOP-SINPIE2 with PID 25052 (C:\project\apiproject\fileScheduleSFTM\target\classes started by USER in C:\project\apiproject\fileScheduleSFTM)
[2021-12-27 07:10:18:736][restartedMain] DEBUG k.n.s.FileScheduleSftmApplication - Running with Spring Boot v2.5.6, Spring v5.3.12
[2021-12-27 07:10:18:736][restartedMain] INFO  k.n.s.FileScheduleSftmApplication - No active profile set, falling back to default profiles: default
[2021-12-27 07:10:21:4131][restartedMain] INFO  k.n.s.FileScheduleSftmApplication - Started FileScheduleSftmApplication in 3.898 seconds (JVM running for 4.987)
[2021-12-27 07:15:52:334450][restartedMain] INFO  k.n.s.FileScheduleSftmApplication - Starting FileScheduleSftmApplication using Java 1.8.0_241 on DESKTOP-SINPIE2 with PID 25052 (C:\project\apiproject\fileScheduleSFTM\target\classes started by USER in C:\project\apiproject\fileScheduleSFTM)
[2021-12-27 07:15:52:334450][restartedMain] DEBUG k.n.s.FileScheduleSftmApplication - Running with Spring Boot v2.5.6, Spring v5.3.12
[2021-12-27 07:15:52:334450][restartedMain] INFO  k.n.s.FileScheduleSftmApplication - No active profile set, falling back to default profiles: default
[2021-12-27 07:15:53:335424][restartedMain] INFO  k.n.s.FileScheduleSftmApplication - Started FileScheduleSftmApplication in 1.029 seconds (JVM running for 336.279)
[2021-12-27 07:17:20:422573][restartedMain] INFO  k.n.s.FileScheduleSftmApplication - Starting FileScheduleSftmApplication using Java 1.8.0_241 on DESKTOP-SINPIE2 with PID 25052 (C:\project\apiproject\fileScheduleSFTM\target\classes started by USER in C:\project\apiproject\fileScheduleSFTM)
[2021-12-27 07:17:20:422573][restartedMain] DEBUG k.n.s.FileScheduleSftmApplication - Running with Spring Boot v2.5.6, Spring v5.3.12
[2021-12-27 07:17:20:422573][restartedMain] INFO  k.n.s.FileScheduleSftmApplication - No active profile set, falling back to default profiles: default
[2021-12-27 07:17:21:423467][restartedMain] INFO  k.n.s.FileScheduleSftmApplication - Started FileScheduleSftmApplication in 0.93 seconds (JVM running for 424.323)
[2021-12-27 07:20:50:756][restartedMain] INFO  k.n.s.FileScheduleSftmApplication - Starting FileScheduleSftmApplication using Java 1.8.0_241 on DESKTOP-SINPIE2 with PID 4868 (C:\project\apiproject\fileScheduleSFTM\target\classes started by USER in C:\project\apiproject\fileScheduleSFTM)
[2021-12-27 07:20:50:757][restartedMain] DEBUG k.n.s.FileScheduleSftmApplication - Running with Spring Boot v2.5.6, Spring v5.3.12
[2021-12-27 07:20:50:757][restartedMain] INFO  k.n.s.FileScheduleSftmApplication - No active profile set, falling back to default profiles: default
[2021-12-27 07:20:54:4094][restartedMain] INFO  k.n.s.FileScheduleSftmApplication - Started FileScheduleSftmApplication in 3.858 seconds (JVM running for 4.929)
[2021-12-27 07:26:43:353940][restartedMain] INFO  k.n.s.FileScheduleSftmApplication - Starting FileScheduleSftmApplication using Java 1.8.0_241 on DESKTOP-SINPIE2 with PID 4868 (C:\project\apiproject\fileScheduleSFTM\target\classes started by USER in C:\project\apiproject\fileScheduleSFTM)
[2021-12-27 07:26:43:353940][restartedMain] DEBUG k.n.s.FileScheduleSftmApplication - Running with Spring Boot v2.5.6, Spring v5.3.12
[2021-12-27 07:26:43:353940][restartedMain] INFO  k.n.s.FileScheduleSftmApplication - No active profile set, falling back to default profiles: default
[2021-12-27 07:26:45:355171][restartedMain] INFO  k.n.s.FileScheduleSftmApplication - Started FileScheduleSftmApplication in 1.283 seconds (JVM running for 356.007)
[2021-12-27 10:35:13:776][restartedMain] INFO  k.n.s.FileScheduleSftmApplication - Starting FileScheduleSftmApplication using Java 1.8.0_241 on DESKTOP-SINPIE2 with PID 16972 (C:\project\apiproject\fileScheduleSFTM\target\classes started by USER in C:\project\apiproject\fileScheduleSFTM)
[2021-12-27 10:35:13:778][restartedMain] DEBUG k.n.s.FileScheduleSftmApplication - Running with Spring Boot v2.5.6, Spring v5.3.12
[2021-12-27 10:35:13:778][restartedMain] INFO  k.n.s.FileScheduleSftmApplication - No active profile set, falling back to default profiles: default
[2021-12-27 10:35:16:4297][restartedMain] INFO  k.n.s.FileScheduleSftmApplication - Started FileScheduleSftmApplication in 4.047 seconds (JVM running for 5.234)
[2021-12-27 20:22:10:837][restartedMain] INFO  k.n.s.FileScheduleSftmApplication - Starting FileScheduleSftmApplication using Java 1.8.0_241 on DESKTOP-SINPIE2 with PID 14228 (C:\project\apiproject\fileScheduleSFTM\target\classes started by USER in C:\project\apiproject\fileScheduleSFTM)
[2021-12-27 20:22:10:838][restartedMain] DEBUG k.n.s.FileScheduleSftmApplication - Running with Spring Boot v2.5.6, Spring v5.3.12
[2021-12-27 20:22:10:838][restartedMain] INFO  k.n.s.FileScheduleSftmApplication - No active profile set, falling back to default profiles: default
[2021-12-27 20:22:14:4438][restartedMain] INFO  k.n.s.FileScheduleSftmApplication - Started FileScheduleSftmApplication in 4.186 seconds (JVM running for 5.546)
[2021-12-27 20:23:35:85611][restartedMain] INFO  k.n.s.FileScheduleSftmApplication - Starting FileScheduleSftmApplication using Java 1.8.0_241 on DESKTOP-SINPIE2 with PID 14228 (C:\project\apiproject\fileScheduleSFTM\target\classes started by USER in C:\project\apiproject\fileScheduleSFTM)
[2021-12-27 20:23:35:85611][restartedMain] DEBUG k.n.s.FileScheduleSftmApplication - Running with Spring Boot v2.5.6, Spring v5.3.12
[2021-12-27 20:23:35:85611][restartedMain] INFO  k.n.s.FileScheduleSftmApplication - No active profile set, falling back to default profiles: default
[2021-12-27 20:23:36:86573][restartedMain] INFO  k.n.s.FileScheduleSftmApplication - Started FileScheduleSftmApplication in 1.003 seconds (JVM running for 87.681)
[2021-12-27 20:24:10:120522][restartedMain] INFO  k.n.s.FileScheduleSftmApplication - Starting FileScheduleSftmApplication using Java 1.8.0_241 on DESKTOP-SINPIE2 with PID 14228 (C:\project\apiproject\fileScheduleSFTM\target\classes started by USER in C:\project\apiproject\fileScheduleSFTM)
[2021-12-27 20:24:10:120523][restartedMain] DEBUG k.n.s.FileScheduleSftmApplication - Running with Spring Boot v2.5.6, Spring v5.3.12
[2021-12-27 20:24:10:120523][restartedMain] INFO  k.n.s.FileScheduleSftmApplication - No active profile set, falling back to default profiles: default
[2021-12-27 20:24:11:121341][restartedMain] INFO  k.n.s.FileScheduleSftmApplication - Started FileScheduleSftmApplication in 0.866 seconds (JVM running for 122.45)
[2021-12-27 20:24:13:123395][restartedMain] INFO  k.n.s.FileScheduleSftmApplication - Starting FileScheduleSftmApplication using Java 1.8.0_241 on DESKTOP-SINPIE2 with PID 14228 (C:\project\apiproject\fileScheduleSFTM\target\classes started by USER in C:\project\apiproject\fileScheduleSFTM)
[2021-12-27 20:24:13:123395][restartedMain] DEBUG k.n.s.FileScheduleSftmApplication - Running with Spring Boot v2.5.6, Spring v5.3.12
[2021-12-27 20:24:13:123396][restartedMain] INFO  k.n.s.FileScheduleSftmApplication - No active profile set, falling back to default profiles: default
[2021-12-27 20:24:13:124074][restartedMain] INFO  k.n.s.FileScheduleSftmApplication - Started FileScheduleSftmApplication in 0.72 seconds (JVM running for 125.183)
[2021-12-27 20:24:41:151826][restartedMain] INFO  k.n.s.FileScheduleSftmApplication - Starting FileScheduleSftmApplication using Java 1.8.0_241 on DESKTOP-SINPIE2 with PID 14228 (C:\project\apiproject\fileScheduleSFTM\target\classes started by USER in C:\project\apiproject\fileScheduleSFTM)
[2021-12-27 20:24:41:151826][restartedMain] DEBUG k.n.s.FileScheduleSftmApplication - Running with Spring Boot v2.5.6, Spring v5.3.12
[2021-12-27 20:24:41:151826][restartedMain] INFO  k.n.s.FileScheduleSftmApplication - No active profile set, falling back to default profiles: default
[2021-12-27 20:24:42:152555][restartedMain] INFO  k.n.s.FileScheduleSftmApplication - Started FileScheduleSftmApplication in 0.766 seconds (JVM running for 153.663)
[2021-12-27 20:25:14:787][restartedMain] INFO  k.n.s.FileScheduleSftmApplication - Starting FileScheduleSftmApplication using Java 1.8.0_241 on DESKTOP-SINPIE2 with PID 19888 (C:\project\apiproject\fileScheduleSFTM\target\classes started by USER in C:\project\apiproject\fileScheduleSFTM)
[2021-12-27 20:25:14:788][restartedMain] DEBUG k.n.s.FileScheduleSftmApplication - Running with Spring Boot v2.5.6, Spring v5.3.12
[2021-12-27 20:25:14:788][restartedMain] INFO  k.n.s.FileScheduleSftmApplication - No active profile set, falling back to default profiles: default
[2021-12-27 20:25:17:4002][restartedMain] INFO  k.n.s.FileScheduleSftmApplication - Started FileScheduleSftmApplication in 3.779 seconds (JVM running for 4.857)
[2021-12-27 20:25:37:23443][restartedMain] INFO  k.n.s.FileScheduleSftmApplication - Starting FileScheduleSftmApplication using Java 1.8.0_241 on DESKTOP-SINPIE2 with PID 19888 (C:\project\apiproject\fileScheduleSFTM\target\classes started by USER in C:\project\apiproject\fileScheduleSFTM)
[2021-12-27 20:25:37:23443][restartedMain] DEBUG k.n.s.FileScheduleSftmApplication - Running with Spring Boot v2.5.6, Spring v5.3.12
[2021-12-27 20:25:37:23443][restartedMain] INFO  k.n.s.FileScheduleSftmApplication - No active profile set, falling back to default profiles: default
[2021-12-27 20:25:38:24328][restartedMain] INFO  k.n.s.FileScheduleSftmApplication - Started FileScheduleSftmApplication in 0.926 seconds (JVM running for 25.183)
[2021-12-27 20:27:05:111826][restartedMain] INFO  k.n.s.FileScheduleSftmApplication - Starting FileScheduleSftmApplication using Java 1.8.0_241 on DESKTOP-SINPIE2 with PID 19888 (C:\project\apiproject\fileScheduleSFTM\target\classes started by USER in C:\project\apiproject\fileScheduleSFTM)
[2021-12-27 20:27:05:111827][restartedMain] DEBUG k.n.s.FileScheduleSftmApplication - Running with Spring Boot v2.5.6, Spring v5.3.12
[2021-12-27 20:27:05:111827][restartedMain] INFO  k.n.s.FileScheduleSftmApplication - No active profile set, falling back to default profiles: default
[2021-12-27 20:27:06:112836][restartedMain] INFO  k.n.s.FileScheduleSftmApplication - Started FileScheduleSftmApplication in 1.051 seconds (JVM running for 113.69)
[2021-12-27 20:29:06:232263][restartedMain] INFO  k.n.s.FileScheduleSftmApplication - Starting FileScheduleSftmApplication using Java 1.8.0_241 on DESKTOP-SINPIE2 with PID 19888 (C:\project\apiproject\fileScheduleSFTM\target\classes started by USER in C:\project\apiproject\fileScheduleSFTM)
[2021-12-27 20:29:06:232263][restartedMain] DEBUG k.n.s.FileScheduleSftmApplication - Running with Spring Boot v2.5.6, Spring v5.3.12
[2021-12-27 20:29:06:232263][restartedMain] INFO  k.n.s.FileScheduleSftmApplication - No active profile set, falling back to default profiles: default
[2021-12-27 20:29:06:232994][restartedMain] INFO  k.n.s.FileScheduleSftmApplication - Started FileScheduleSftmApplication in 0.775 seconds (JVM running for 233.848)
[2021-12-27 20:29:18:244325][restartedMain] INFO  k.n.s.FileScheduleSftmApplication - Starting FileScheduleSftmApplication using Java 1.8.0_241 on DESKTOP-SINPIE2 with PID 19888 (C:\project\apiproject\fileScheduleSFTM\target\classes started by USER in C:\project\apiproject\fileScheduleSFTM)
[2021-12-27 20:29:18:244326][restartedMain] DEBUG k.n.s.FileScheduleSftmApplication - Running with Spring Boot v2.5.6, Spring v5.3.12
[2021-12-27 20:29:18:244326][restartedMain] INFO  k.n.s.FileScheduleSftmApplication - No active profile set, falling back to default profiles: default
[2021-12-27 20:29:18:245002][restartedMain] INFO  k.n.s.FileScheduleSftmApplication - Started FileScheduleSftmApplication in 0.718 seconds (JVM running for 245.857)
[2021-12-27 20:31:07:353279][restartedMain] INFO  k.n.s.FileScheduleSftmApplication - Starting FileScheduleSftmApplication using Java 1.8.0_241 on DESKTOP-SINPIE2 with PID 19888 (C:\project\apiproject\fileScheduleSFTM\target\classes started by USER in C:\project\apiproject\fileScheduleSFTM)
[2021-12-27 20:31:07:353279][restartedMain] DEBUG k.n.s.FileScheduleSftmApplication - Running with Spring Boot v2.5.6, Spring v5.3.12
[2021-12-27 20:31:07:353279][restartedMain] INFO  k.n.s.FileScheduleSftmApplication - No active profile set, falling back to default profiles: default
[2021-12-27 20:31:07:353972][restartedMain] INFO  k.n.s.FileScheduleSftmApplication - Started FileScheduleSftmApplication in 0.728 seconds (JVM running for 354.827)
[2021-12-27 20:35:10:597019][restartedMain] INFO  k.n.s.FileScheduleSftmApplication - Starting FileScheduleSftmApplication using Java 1.8.0_241 on DESKTOP-SINPIE2 with PID 19888 (C:\project\apiproject\fileScheduleSFTM\target\classes started by USER in C:\project\apiproject\fileScheduleSFTM)
[2021-12-27 20:35:10:597019][restartedMain] DEBUG k.n.s.FileScheduleSftmApplication - Running with Spring Boot v2.5.6, Spring v5.3.12
[2021-12-27 20:35:10:597019][restartedMain] INFO  k.n.s.FileScheduleSftmApplication - No active profile set, falling back to default profiles: default
[2021-12-27 20:35:11:597665][restartedMain] INFO  k.n.s.FileScheduleSftmApplication - Started FileScheduleSftmApplication in 0.672 seconds (JVM running for 598.52)
[2021-12-27 20:35:26:613120][restartedMain] INFO  k.n.s.FileScheduleSftmApplication - Starting FileScheduleSftmApplication using Java 1.8.0_241 on DESKTOP-SINPIE2 with PID 19888 (C:\project\apiproject\fileScheduleSFTM\target\classes started by USER in C:\project\apiproject\fileScheduleSFTM)
[2021-12-27 20:35:26:613120][restartedMain] DEBUG k.n.s.FileScheduleSftmApplication - Running with Spring Boot v2.5.6, Spring v5.3.12
[2021-12-27 20:35:26:613120][restartedMain] INFO  k.n.s.FileScheduleSftmApplication - No active profile set, falling back to default profiles: default
[2021-12-27 20:35:27:613681][restartedMain] INFO  k.n.s.FileScheduleSftmApplication - Started FileScheduleSftmApplication in 0.588 seconds (JVM running for 614.536)
[2021-12-27 20:37:23:775][restartedMain] INFO  k.n.s.FileScheduleSftmApplication - Starting FileScheduleSftmApplication using Java 1.8.0_241 on DESKTOP-SINPIE2 with PID 20200 (C:\project\apiproject\fileScheduleSFTM\target\classes started by USER in C:\project\apiproject\fileScheduleSFTM)
[2021-12-27 20:37:23:776][restartedMain] DEBUG k.n.s.FileScheduleSftmApplication - Running with Spring Boot v2.5.6, Spring v5.3.12
[2021-12-27 20:37:23:776][restartedMain] INFO  k.n.s.FileScheduleSftmApplication - No active profile set, falling back to default profiles: default
[2021-12-27 20:37:26:4295][restartedMain] INFO  k.n.s.FileScheduleSftmApplication - Started FileScheduleSftmApplication in 4.049 seconds (JVM running for 5.206)
[2021-12-27 20:38:15:52857][restartedMain] INFO  k.n.s.FileScheduleSftmApplication - Starting FileScheduleSftmApplication using Java 1.8.0_241 on DESKTOP-SINPIE2 with PID 20200 (C:\project\apiproject\fileScheduleSFTM\target\classes started by USER in C:\project\apiproject\fileScheduleSFTM)
[2021-12-27 20:38:15:52858][restartedMain] DEBUG k.n.s.FileScheduleSftmApplication - Running with Spring Boot v2.5.6, Spring v5.3.12
[2021-12-27 20:38:15:52858][restartedMain] INFO  k.n.s.FileScheduleSftmApplication - No active profile set, falling back to default profiles: default
[2021-12-27 20:38:16:53874][restartedMain] INFO  k.n.s.FileScheduleSftmApplication - Started FileScheduleSftmApplication in 1.073 seconds (JVM running for 54.784)
[2021-12-27 20:38:46:83970][restartedMain] INFO  k.n.s.FileScheduleSftmApplication - Starting FileScheduleSftmApplication using Java 1.8.0_241 on DESKTOP-SINPIE2 with PID 20200 (C:\project\apiproject\fileScheduleSFTM\target\classes started by USER in C:\project\apiproject\fileScheduleSFTM)
[2021-12-27 20:38:46:83970][restartedMain] DEBUG k.n.s.FileScheduleSftmApplication - Running with Spring Boot v2.5.6, Spring v5.3.12
[2021-12-27 20:38:46:83970][restartedMain] INFO  k.n.s.FileScheduleSftmApplication - No active profile set, falling back to default profiles: default
[2021-12-27 20:38:47:84894][restartedMain] INFO  k.n.s.FileScheduleSftmApplication - Started FileScheduleSftmApplication in 0.976 seconds (JVM running for 85.805)
[2021-12-27 20:40:29:186900][restartedMain] INFO  k.n.s.FileScheduleSftmApplication - Starting FileScheduleSftmApplication using Java 1.8.0_241 on DESKTOP-SINPIE2 with PID 20200 (C:\project\apiproject\fileScheduleSFTM\target\classes started by USER in C:\project\apiproject\fileScheduleSFTM)
[2021-12-27 20:40:29:186900][restartedMain] DEBUG k.n.s.FileScheduleSftmApplication - Running with Spring Boot v2.5.6, Spring v5.3.12
[2021-12-27 20:40:29:186901][restartedMain] INFO  k.n.s.FileScheduleSftmApplication - No active profile set, falling back to default profiles: default
[2021-12-27 20:40:29:187612][restartedMain] INFO  k.n.s.FileScheduleSftmApplication - Started FileScheduleSftmApplication in 0.741 seconds (JVM running for 188.522)
[2021-12-27 20:40:45:203286][restartedMain] INFO  k.n.s.FileScheduleSftmApplication - Starting FileScheduleSftmApplication using Java 1.8.0_241 on DESKTOP-SINPIE2 with PID 20200 (C:\project\apiproject\fileScheduleSFTM\target\classes started by USER in C:\project\apiproject\fileScheduleSFTM)
[2021-12-27 20:40:45:203286][restartedMain] DEBUG k.n.s.FileScheduleSftmApplication - Running with Spring Boot v2.5.6, Spring v5.3.12
[2021-12-27 20:40:45:203286][restartedMain] INFO  k.n.s.FileScheduleSftmApplication - No active profile set, falling back to default profiles: default
[2021-12-27 20:40:46:204156][restartedMain] INFO  k.n.s.FileScheduleSftmApplication - Started FileScheduleSftmApplication in 0.925 seconds (JVM running for 205.066)
[2021-12-27 20:41:11:228809][restartedMain] INFO  k.n.s.FileScheduleSftmApplication - Starting FileScheduleSftmApplication using Java 1.8.0_241 on DESKTOP-SINPIE2 with PID 20200 (C:\project\apiproject\fileScheduleSFTM\target\classes started by USER in C:\project\apiproject\fileScheduleSFTM)
[2021-12-27 20:41:11:228810][restartedMain] DEBUG k.n.s.FileScheduleSftmApplication - Running with Spring Boot v2.5.6, Spring v5.3.12
[2021-12-27 20:41:11:228810][restartedMain] INFO  k.n.s.FileScheduleSftmApplication - No active profile set, falling back to default profiles: default
[2021-12-27 20:41:11:229412][restartedMain] INFO  k.n.s.FileScheduleSftmApplication - Started FileScheduleSftmApplication in 0.629 seconds (JVM running for 230.322)
[2021-12-27 20:41:18:236609][restartedMain] INFO  k.n.s.FileScheduleSftmApplication - Starting FileScheduleSftmApplication using Java 1.8.0_241 on DESKTOP-SINPIE2 with PID 20200 (C:\project\apiproject\fileScheduleSFTM\target\classes started by USER in C:\project\apiproject\fileScheduleSFTM)
[2021-12-27 20:41:18:236609][restartedMain] DEBUG k.n.s.FileScheduleSftmApplication - Running with Spring Boot v2.5.6, Spring v5.3.12
[2021-12-27 20:41:18:236609][restartedMain] INFO  k.n.s.FileScheduleSftmApplication - No active profile set, falling back to default profiles: default
[2021-12-27 20:41:19:237103][restartedMain] INFO  k.n.s.FileScheduleSftmApplication - Started FileScheduleSftmApplication in 0.518 seconds (JVM running for 238.013)
[2021-12-27 20:43:40:378076][restartedMain] INFO  k.n.s.FileScheduleSftmApplication - Starting FileScheduleSftmApplication using Java 1.8.0_241 on DESKTOP-SINPIE2 with PID 20200 (C:\project\apiproject\fileScheduleSFTM\target\classes started by USER in C:\project\apiproject\fileScheduleSFTM)
[2021-12-27 20:43:40:378076][restartedMain] DEBUG k.n.s.FileScheduleSftmApplication - Running with Spring Boot v2.5.6, Spring v5.3.12
[2021-12-27 20:43:40:378076][restartedMain] INFO  k.n.s.FileScheduleSftmApplication - No active profile set, falling back to default profiles: default
[2021-12-27 20:43:40:378635][restartedMain] INFO  k.n.s.FileScheduleSftmApplication - Started FileScheduleSftmApplication in 0.585 seconds (JVM running for 379.546)
[2021-12-27 20:43:49:386898][restartedMain] INFO  k.n.s.FileScheduleSftmApplication - Starting FileScheduleSftmApplication using Java 1.8.0_241 on DESKTOP-SINPIE2 with PID 20200 (C:\project\apiproject\fileScheduleSFTM\target\classes started by USER in C:\project\apiproject\fileScheduleSFTM)
[2021-12-27 20:43:49:386898][restartedMain] DEBUG k.n.s.FileScheduleSftmApplication - Running with Spring Boot v2.5.6, Spring v5.3.12
[2021-12-27 20:43:49:386898][restartedMain] INFO  k.n.s.FileScheduleSftmApplication - No active profile set, falling back to default profiles: default
[2021-12-27 20:43:49:387330][restartedMain] INFO  k.n.s.FileScheduleSftmApplication - Started FileScheduleSftmApplication in 0.454 seconds (JVM running for 388.24)
[2021-12-27 20:43:59:397668][restartedMain] INFO  k.n.s.FileScheduleSftmApplication - Starting FileScheduleSftmApplication using Java 1.8.0_241 on DESKTOP-SINPIE2 with PID 20200 (C:\project\apiproject\fileScheduleSFTM\target\classes started by USER in C:\project\apiproject\fileScheduleSFTM)
[2021-12-27 20:43:59:397668][restartedMain] DEBUG k.n.s.FileScheduleSftmApplication - Running with Spring Boot v2.5.6, Spring v5.3.12
[2021-12-27 20:43:59:397668][restartedMain] INFO  k.n.s.FileScheduleSftmApplication - No active profile set, falling back to default profiles: default
[2021-12-27 20:44:00:398134][restartedMain] INFO  k.n.s.FileScheduleSftmApplication - Started FileScheduleSftmApplication in 0.494 seconds (JVM running for 399.044)
[2021-12-27 20:45:43:501006][restartedMain] INFO  k.n.s.FileScheduleSftmApplication - Starting FileScheduleSftmApplication using Java 1.8.0_241 on DESKTOP-SINPIE2 with PID 20200 (C:\project\apiproject\fileScheduleSFTM\target\classes started by USER in C:\project\apiproject\fileScheduleSFTM)
[2021-12-27 20:45:43:501006][restartedMain] DEBUG k.n.s.FileScheduleSftmApplication - Running with Spring Boot v2.5.6, Spring v5.3.12
[2021-12-27 20:45:43:501006][restartedMain] INFO  k.n.s.FileScheduleSftmApplication - No active profile set, falling back to default profiles: default
[2021-12-27 20:45:43:501474][restartedMain] INFO  k.n.s.FileScheduleSftmApplication - Started FileScheduleSftmApplication in 0.494 seconds (JVM running for 502.384)
[2021-12-27 20:45:50:508663][restartedMain] INFO  k.n.s.FileScheduleSftmApplication - Starting FileScheduleSftmApplication using Java 1.8.0_241 on DESKTOP-SINPIE2 with PID 20200 (C:\project\apiproject\fileScheduleSFTM\target\classes started by USER in C:\project\apiproject\fileScheduleSFTM)
[2021-12-27 20:45:50:508664][restartedMain] DEBUG k.n.s.FileScheduleSftmApplication - Running with Spring Boot v2.5.6, Spring v5.3.12
[2021-12-27 20:45:50:508664][restartedMain] INFO  k.n.s.FileScheduleSftmApplication - No active profile set, falling back to default profiles: default
[2021-12-27 20:45:51:509132][restartedMain] INFO  k.n.s.FileScheduleSftmApplication - Started FileScheduleSftmApplication in 0.493 seconds (JVM running for 510.043)
[2021-12-27 20:46:13:530818][restartedMain] INFO  k.n.s.FileScheduleSftmApplication - Starting FileScheduleSftmApplication using Java 1.8.0_241 on DESKTOP-SINPIE2 with PID 20200 (C:\project\apiproject\fileScheduleSFTM\target\classes started by USER in C:\project\apiproject\fileScheduleSFTM)
[2021-12-27 20:46:13:530818][restartedMain] DEBUG k.n.s.FileScheduleSftmApplication - Running with Spring Boot v2.5.6, Spring v5.3.12
[2021-12-27 20:46:13:530818][restartedMain] INFO  k.n.s.FileScheduleSftmApplication - No active profile set, falling back to default profiles: default
[2021-12-27 20:46:13:531271][restartedMain] INFO  k.n.s.FileScheduleSftmApplication - Started FileScheduleSftmApplication in 0.476 seconds (JVM running for 532.181)
[2021-12-27 20:46:43:561067][restartedMain] INFO  k.n.s.FileScheduleSftmApplication - Starting FileScheduleSftmApplication using Java 1.8.0_241 on DESKTOP-SINPIE2 with PID 20200 (C:\project\apiproject\fileScheduleSFTM\target\classes started by USER in C:\project\apiproject\fileScheduleSFTM)
[2021-12-27 20:46:43:561067][restartedMain] DEBUG k.n.s.FileScheduleSftmApplication - Running with Spring Boot v2.5.6, Spring v5.3.12
[2021-12-27 20:46:43:561067][restartedMain] INFO  k.n.s.FileScheduleSftmApplication - No active profile set, falling back to default profiles: default
[2021-12-27 20:46:43:561499][restartedMain] INFO  k.n.s.FileScheduleSftmApplication - Started FileScheduleSftmApplication in 0.454 seconds (JVM running for 562.409)
[2021-12-27 20:46:58:575877][restartedMain] INFO  k.n.s.FileScheduleSftmApplication - Starting FileScheduleSftmApplication using Java 1.8.0_241 on DESKTOP-SINPIE2 with PID 20200 (C:\project\apiproject\fileScheduleSFTM\target\classes started by USER in C:\project\apiproject\fileScheduleSFTM)
[2021-12-27 20:46:58:575877][restartedMain] DEBUG k.n.s.FileScheduleSftmApplication - Running with Spring Boot v2.5.6, Spring v5.3.12
[2021-12-27 20:46:58:575877][restartedMain] INFO  k.n.s.FileScheduleSftmApplication - No active profile set, falling back to default profiles: default
[2021-12-27 20:46:58:576325][restartedMain] INFO  k.n.s.FileScheduleSftmApplication - Started FileScheduleSftmApplication in 0.475 seconds (JVM running for 577.235)
[2021-12-27 20:48:26:663866][restartedMain] INFO  k.n.s.FileScheduleSftmApplication - Starting FileScheduleSftmApplication using Java 1.8.0_241 on DESKTOP-SINPIE2 with PID 20200 (C:\project\apiproject\fileScheduleSFTM\target\classes started by USER in C:\project\apiproject\fileScheduleSFTM)
[2021-12-27 20:48:26:663866][restartedMain] DEBUG k.n.s.FileScheduleSftmApplication - Running with Spring Boot v2.5.6, Spring v5.3.12
[2021-12-27 20:48:26:663866][restartedMain] INFO  k.n.s.FileScheduleSftmApplication - No active profile set, falling back to default profiles: default
[2021-12-27 20:48:26:664338][restartedMain] INFO  k.n.s.FileScheduleSftmApplication - Started FileScheduleSftmApplication in 0.5 seconds (JVM running for 665.248)
[2021-12-27 20:48:35:672748][restartedMain] INFO  k.n.s.FileScheduleSftmApplication - Starting FileScheduleSftmApplication using Java 1.8.0_241 on DESKTOP-SINPIE2 with PID 20200 (C:\project\apiproject\fileScheduleSFTM\target\classes started by USER in C:\project\apiproject\fileScheduleSFTM)
[2021-12-27 20:48:35:672748][restartedMain] DEBUG k.n.s.FileScheduleSftmApplication - Running with Spring Boot v2.5.6, Spring v5.3.12
[2021-12-27 20:48:35:672748][restartedMain] INFO  k.n.s.FileScheduleSftmApplication - No active profile set, falling back to default profiles: default
[2021-12-27 20:48:35:673163][restartedMain] INFO  k.n.s.FileScheduleSftmApplication - Started FileScheduleSftmApplication in 0.437 seconds (JVM running for 674.074)
[2021-12-27 20:48:41:679386][restartedMain] INFO  k.n.s.FileScheduleSftmApplication - Starting FileScheduleSftmApplication using Java 1.8.0_241 on DESKTOP-SINPIE2 with PID 20200 (C:\project\apiproject\fileScheduleSFTM\target\classes started by USER in C:\project\apiproject\fileScheduleSFTM)
[2021-12-27 20:48:41:679386][restartedMain] DEBUG k.n.s.FileScheduleSftmApplication - Running with Spring Boot v2.5.6, Spring v5.3.12
[2021-12-27 20:48:41:679386][restartedMain] INFO  k.n.s.FileScheduleSftmApplication - No active profile set, falling back to default profiles: default
[2021-12-27 20:48:42:679819][restartedMain] INFO  k.n.s.FileScheduleSftmApplication - Started FileScheduleSftmApplication in 0.453 seconds (JVM running for 680.729)
[2021-12-27 20:48:47:684975][restartedMain] INFO  k.n.s.FileScheduleSftmApplication - Starting FileScheduleSftmApplication using Java 1.8.0_241 on DESKTOP-SINPIE2 with PID 20200 (C:\project\apiproject\fileScheduleSFTM\target\classes started by USER in C:\project\apiproject\fileScheduleSFTM)
[2021-12-27 20:48:47:684975][restartedMain] DEBUG k.n.s.FileScheduleSftmApplication - Running with Spring Boot v2.5.6, Spring v5.3.12
[2021-12-27 20:48:47:684975][restartedMain] INFO  k.n.s.FileScheduleSftmApplication - No active profile set, falling back to default profiles: default
[2021-12-27 20:48:47:685439][restartedMain] INFO  k.n.s.FileScheduleSftmApplication - Started FileScheduleSftmApplication in 0.485 seconds (JVM running for 686.349)
[2021-12-27 20:48:58:695771][restartedMain] INFO  k.n.s.FileScheduleSftmApplication - Starting FileScheduleSftmApplication using Java 1.8.0_241 on DESKTOP-SINPIE2 with PID 20200 (C:\project\apiproject\fileScheduleSFTM\target\classes started by USER in C:\project\apiproject\fileScheduleSFTM)
[2021-12-27 20:48:58:695771][restartedMain] DEBUG k.n.s.FileScheduleSftmApplication - Running with Spring Boot v2.5.6, Spring v5.3.12
[2021-12-27 20:48:58:695771][restartedMain] INFO  k.n.s.FileScheduleSftmApplication - No active profile set, falling back to default profiles: default
[2021-12-27 20:48:58:696201][restartedMain] INFO  k.n.s.FileScheduleSftmApplication - Started FileScheduleSftmApplication in 0.452 seconds (JVM running for 697.111)
[2021-12-27 20:49:13:710713][restartedMain] INFO  k.n.s.FileScheduleSftmApplication - Starting FileScheduleSftmApplication using Java 1.8.0_241 on DESKTOP-SINPIE2 with PID 20200 (C:\project\apiproject\fileScheduleSFTM\target\classes started by USER in C:\project\apiproject\fileScheduleSFTM)
[2021-12-27 20:49:13:710713][restartedMain] DEBUG k.n.s.FileScheduleSftmApplication - Running with Spring Boot v2.5.6, Spring v5.3.12
[2021-12-27 20:49:13:710713][restartedMain] INFO  k.n.s.FileScheduleSftmApplication - No active profile set, falling back to default profiles: default
[2021-12-27 20:49:13:711134][restartedMain] INFO  k.n.s.FileScheduleSftmApplication - Started FileScheduleSftmApplication in 0.448 seconds (JVM running for 712.045)
[2021-12-27 20:49:18:716364][restartedMain] INFO  k.n.s.FileScheduleSftmApplication - Starting FileScheduleSftmApplication using Java 1.8.0_241 on DESKTOP-SINPIE2 with PID 20200 (C:\project\apiproject\fileScheduleSFTM\target\classes started by USER in C:\project\apiproject\fileScheduleSFTM)
[2021-12-27 20:49:18:716364][restartedMain] DEBUG k.n.s.FileScheduleSftmApplication - Running with Spring Boot v2.5.6, Spring v5.3.12
[2021-12-27 20:49:18:716364][restartedMain] INFO  k.n.s.FileScheduleSftmApplication - No active profile set, falling back to default profiles: default
[2021-12-27 20:49:19:716766][restartedMain] INFO  k.n.s.FileScheduleSftmApplication - Started FileScheduleSftmApplication in 0.423 seconds (JVM running for 717.676)
[2021-12-27 20:51:17:835470][restartedMain] INFO  k.n.s.FileScheduleSftmApplication - Starting FileScheduleSftmApplication using Java 1.8.0_241 on DESKTOP-SINPIE2 with PID 20200 (C:\project\apiproject\fileScheduleSFTM\target\classes started by USER in C:\project\apiproject\fileScheduleSFTM)
[2021-12-27 20:51:17:835471][restartedMain] DEBUG k.n.s.FileScheduleSftmApplication - Running with Spring Boot v2.5.6, Spring v5.3.12
[2021-12-27 20:51:17:835471][restartedMain] INFO  k.n.s.FileScheduleSftmApplication - No active profile set, falling back to default profiles: default
[2021-12-27 20:51:18:835866][restartedMain] INFO  k.n.s.FileScheduleSftmApplication - Started FileScheduleSftmApplication in 0.417 seconds (JVM running for 836.776)
[2021-12-27 20:51:36:854484][restartedMain] INFO  k.n.s.FileScheduleSftmApplication - Starting FileScheduleSftmApplication using Java 1.8.0_241 on DESKTOP-SINPIE2 with PID 20200 (C:\project\apiproject\fileScheduleSFTM\target\classes started by USER in C:\project\apiproject\fileScheduleSFTM)
[2021-12-27 20:51:36:854484][restartedMain] DEBUG k.n.s.FileScheduleSftmApplication - Running with Spring Boot v2.5.6, Spring v5.3.12
[2021-12-27 20:51:36:854484][restartedMain] INFO  k.n.s.FileScheduleSftmApplication - No active profile set, falling back to default profiles: default
[2021-12-27 20:51:37:854959][restartedMain] INFO  k.n.s.FileScheduleSftmApplication - Started FileScheduleSftmApplication in 0.502 seconds (JVM running for 855.87)
[2021-12-27 20:51:59:876719][restartedMain] INFO  k.n.s.FileScheduleSftmApplication - Starting FileScheduleSftmApplication using Java 1.8.0_241 on DESKTOP-SINPIE2 with PID 20200 (C:\project\apiproject\fileScheduleSFTM\target\classes started by USER in C:\project\apiproject\fileScheduleSFTM)
[2021-12-27 20:51:59:876719][restartedMain] DEBUG k.n.s.FileScheduleSftmApplication - Running with Spring Boot v2.5.6, Spring v5.3.12
[2021-12-27 20:51:59:876719][restartedMain] INFO  k.n.s.FileScheduleSftmApplication - No active profile set, falling back to default profiles: default
[2021-12-27 20:51:59:877183][restartedMain] INFO  k.n.s.FileScheduleSftmApplication - Started FileScheduleSftmApplication in 0.486 seconds (JVM running for 878.094)
[2021-12-27 20:52:01:879329][restartedMain] INFO  k.n.s.FileScheduleSftmApplication - Starting FileScheduleSftmApplication using Java 1.8.0_241 on DESKTOP-SINPIE2 with PID 20200 (C:\project\apiproject\fileScheduleSFTM\target\classes started by USER in C:\project\apiproject\fileScheduleSFTM)
[2021-12-27 20:52:01:879329][restartedMain] DEBUG k.n.s.FileScheduleSftmApplication - Running with Spring Boot v2.5.6, Spring v5.3.12
[2021-12-27 20:52:01:879329][restartedMain] INFO  k.n.s.FileScheduleSftmApplication - No active profile set, falling back to default profiles: default
[2021-12-27 20:52:02:879752][restartedMain] INFO  k.n.s.FileScheduleSftmApplication - Started FileScheduleSftmApplication in 0.444 seconds (JVM running for 880.662)
[2021-12-27 20:54:09:708][restartedMain] INFO  k.n.s.FileScheduleSftmApplication - Starting FileScheduleSftmApplication using Java 1.8.0_241 on DESKTOP-SINPIE2 with PID 4448 (C:\project\apiproject\fileScheduleSFTM\target\classes started by USER in C:\project\apiproject\fileScheduleSFTM)
[2021-12-27 20:54:09:708][restartedMain] DEBUG k.n.s.FileScheduleSftmApplication - Running with Spring Boot v2.5.6, Spring v5.3.12
[2021-12-27 20:54:09:709][restartedMain] INFO  k.n.s.FileScheduleSftmApplication - No active profile set, falling back to default profiles: default
[2021-12-27 20:54:12:3829][restartedMain] INFO  k.n.s.FileScheduleSftmApplication - Started FileScheduleSftmApplication in 3.604 seconds (JVM running for 4.675)
[2021-12-27 20:54:36:27486][restartedMain] INFO  k.n.s.FileScheduleSftmApplication - Starting FileScheduleSftmApplication using Java 1.8.0_241 on DESKTOP-SINPIE2 with PID 4448 (C:\project\apiproject\fileScheduleSFTM\target\classes started by USER in C:\project\apiproject\fileScheduleSFTM)
[2021-12-27 20:54:36:27487][restartedMain] DEBUG k.n.s.FileScheduleSftmApplication - Running with Spring Boot v2.5.6, Spring v5.3.12
[2021-12-27 20:54:36:27487][restartedMain] INFO  k.n.s.FileScheduleSftmApplication - No active profile set, falling back to default profiles: default
[2021-12-27 20:54:37:28348][restartedMain] INFO  k.n.s.FileScheduleSftmApplication - Started FileScheduleSftmApplication in 0.912 seconds (JVM running for 29.194)
[2021-12-27 20:55:16:67567][restartedMain] INFO  k.n.s.FileScheduleSftmApplication - Starting FileScheduleSftmApplication using Java 1.8.0_241 on DESKTOP-SINPIE2 with PID 4448 (C:\project\apiproject\fileScheduleSFTM\target\classes started by USER in C:\project\apiproject\fileScheduleSFTM)
[2021-12-27 20:55:16:67568][restartedMain] DEBUG k.n.s.FileScheduleSftmApplication - Running with Spring Boot v2.5.6, Spring v5.3.12
[2021-12-27 20:55:16:67568][restartedMain] INFO  k.n.s.FileScheduleSftmApplication - No active profile set, falling back to default profiles: default
[2021-12-27 20:55:17:68463][restartedMain] INFO  k.n.s.FileScheduleSftmApplication - Started FileScheduleSftmApplication in 0.947 seconds (JVM running for 69.309)
[2021-12-27 20:55:43:94272][restartedMain] INFO  k.n.s.FileScheduleSftmApplication - Starting FileScheduleSftmApplication using Java 1.8.0_241 on DESKTOP-SINPIE2 with PID 4448 (C:\project\apiproject\fileScheduleSFTM\target\classes started by USER in C:\project\apiproject\fileScheduleSFTM)
[2021-12-27 20:55:43:94272][restartedMain] DEBUG k.n.s.FileScheduleSftmApplication - Running with Spring Boot v2.5.6, Spring v5.3.12
[2021-12-27 20:55:43:94272][restartedMain] INFO  k.n.s.FileScheduleSftmApplication - No active profile set, falling back to default profiles: default
[2021-12-27 20:55:43:94982][restartedMain] INFO  k.n.s.FileScheduleSftmApplication - Started FileScheduleSftmApplication in 0.752 seconds (JVM running for 95.828)
[2021-12-27 20:59:44:815][restartedMain] INFO  k.n.s.FileScheduleSftmApplication - Starting FileScheduleSftmApplication using Java 1.8.0_241 on DESKTOP-SINPIE2 with PID 24904 (C:\project\apiproject\fileScheduleSFTM\target\classes started by USER in C:\project\apiproject\fileScheduleSFTM)
[2021-12-27 20:59:44:816][restartedMain] DEBUG k.n.s.FileScheduleSftmApplication - Running with Spring Boot v2.5.6, Spring v5.3.12
[2021-12-27 20:59:44:816][restartedMain] INFO  k.n.s.FileScheduleSftmApplication - No active profile set, falling back to default profiles: default
[2021-12-27 20:59:47:4063][restartedMain] INFO  k.n.s.FileScheduleSftmApplication - Started FileScheduleSftmApplication in 3.838 seconds (JVM running for 4.925)
[2021-12-27 21:02:51:188050][restartedMain] INFO  k.n.s.FileScheduleSftmApplication - Starting FileScheduleSftmApplication using Java 1.8.0_241 on DESKTOP-SINPIE2 with PID 24904 (C:\project\apiproject\fileScheduleSFTM\target\classes started by USER in C:\project\apiproject\fileScheduleSFTM)
[2021-12-27 21:02:51:188050][restartedMain] DEBUG k.n.s.FileScheduleSftmApplication - Running with Spring Boot v2.5.6, Spring v5.3.12
[2021-12-27 21:02:51:188050][restartedMain] INFO  k.n.s.FileScheduleSftmApplication - No active profile set, falling back to default profiles: default
[2021-12-27 21:02:52:189038][restartedMain] INFO  k.n.s.FileScheduleSftmApplication - Started FileScheduleSftmApplication in 1.037 seconds (JVM running for 189.9)
[2021-12-27 21:03:02:198411][restartedMain] INFO  k.n.s.FileScheduleSftmApplication - Starting FileScheduleSftmApplication using Java 1.8.0_241 on DESKTOP-SINPIE2 with PID 24904 (C:\project\apiproject\fileScheduleSFTM\target\classes started by USER in C:\project\apiproject\fileScheduleSFTM)
[2021-12-27 21:03:02:198412][restartedMain] DEBUG k.n.s.FileScheduleSftmApplication - Running with Spring Boot v2.5.6, Spring v5.3.12
[2021-12-27 21:03:02:198412][restartedMain] INFO  k.n.s.FileScheduleSftmApplication - No active profile set, falling back to default profiles: default
[2021-12-27 21:03:03:199250][restartedMain] INFO  k.n.s.FileScheduleSftmApplication - Started FileScheduleSftmApplication in 0.894 seconds (JVM running for 200.113)
[2021-12-27 21:03:43:239423][restartedMain] INFO  k.n.s.FileScheduleSftmApplication - Starting FileScheduleSftmApplication using Java 1.8.0_241 on DESKTOP-SINPIE2 with PID 24904 (C:\project\apiproject\fileScheduleSFTM\target\classes started by USER in C:\project\apiproject\fileScheduleSFTM)
[2021-12-27 21:03:43:239423][restartedMain] DEBUG k.n.s.FileScheduleSftmApplication - Running with Spring Boot v2.5.6, Spring v5.3.12
[2021-12-27 21:03:43:239423][restartedMain] INFO  k.n.s.FileScheduleSftmApplication - No active profile set, falling back to default profiles: default
[2021-12-27 21:03:44:240221][restartedMain] INFO  k.n.s.FileScheduleSftmApplication - Started FileScheduleSftmApplication in 0.836 seconds (JVM running for 241.083)
[2021-12-27 21:04:19:275197][restartedMain] INFO  k.n.s.FileScheduleSftmApplication - Starting FileScheduleSftmApplication using Java 1.8.0_241 on DESKTOP-SINPIE2 with PID 24904 (C:\project\apiproject\fileScheduleSFTM\target\classes started by USER in C:\project\apiproject\fileScheduleSFTM)
[2021-12-27 21:04:19:275197][restartedMain] DEBUG k.n.s.FileScheduleSftmApplication - Running with Spring Boot v2.5.6, Spring v5.3.12
[2021-12-27 21:04:19:275197][restartedMain] INFO  k.n.s.FileScheduleSftmApplication - No active profile set, falling back to default profiles: default
[2021-12-27 21:04:19:275966][restartedMain] INFO  k.n.s.FileScheduleSftmApplication - Started FileScheduleSftmApplication in 0.808 seconds (JVM running for 276.828)
[2021-12-27 21:04:40:296564][restartedMain] INFO  k.n.s.FileScheduleSftmApplication - Starting FileScheduleSftmApplication using Java 1.8.0_241 on DESKTOP-SINPIE2 with PID 24904 (C:\project\apiproject\fileScheduleSFTM\target\classes started by USER in C:\project\apiproject\fileScheduleSFTM)
[2021-12-27 21:04:40:296564][restartedMain] DEBUG k.n.s.FileScheduleSftmApplication - Running with Spring Boot v2.5.6, Spring v5.3.12
[2021-12-27 21:04:40:296564][restartedMain] INFO  k.n.s.FileScheduleSftmApplication - No active profile set, falling back to default profiles: default
[2021-12-27 21:04:41:297192][restartedMain] INFO  k.n.s.FileScheduleSftmApplication - Started FileScheduleSftmApplication in 0.657 seconds (JVM running for 298.054)
[2021-12-27 21:04:53:309631][restartedMain] INFO  k.n.s.FileScheduleSftmApplication - Starting FileScheduleSftmApplication using Java 1.8.0_241 on DESKTOP-SINPIE2 with PID 24904 (C:\project\apiproject\fileScheduleSFTM\target\classes started by USER in C:\project\apiproject\fileScheduleSFTM)
[2021-12-27 21:04:53:309631][restartedMain] DEBUG k.n.s.FileScheduleSftmApplication - Running with Spring Boot v2.5.6, Spring v5.3.12
[2021-12-27 21:04:53:309631][restartedMain] INFO  k.n.s.FileScheduleSftmApplication - No active profile set, falling back to default profiles: default
[2021-12-27 21:04:54:310302][restartedMain] INFO  k.n.s.FileScheduleSftmApplication - Started FileScheduleSftmApplication in 0.711 seconds (JVM running for 311.163)
[2021-12-27 21:05:37:353448][restartedMain] INFO  k.n.s.FileScheduleSftmApplication - Starting FileScheduleSftmApplication using Java 1.8.0_241 on DESKTOP-SINPIE2 with PID 24904 (C:\project\apiproject\fileScheduleSFTM\target\classes started by USER in C:\project\apiproject\fileScheduleSFTM)
[2021-12-27 21:05:37:353448][restartedMain] DEBUG k.n.s.FileScheduleSftmApplication - Running with Spring Boot v2.5.6, Spring v5.3.12
[2021-12-27 21:05:37:353448][restartedMain] INFO  k.n.s.FileScheduleSftmApplication - No active profile set, falling back to default profiles: default
[2021-12-27 21:05:37:354086][restartedMain] INFO  k.n.s.FileScheduleSftmApplication - Started FileScheduleSftmApplication in 0.666 seconds (JVM running for 354.948)
[2021-12-27 21:06:08:385091][restartedMain] INFO  k.n.s.FileScheduleSftmApplication - Starting FileScheduleSftmApplication using Java 1.8.0_241 on DESKTOP-SINPIE2 with PID 24904 (C:\project\apiproject\fileScheduleSFTM\target\classes started by USER in C:\project\apiproject\fileScheduleSFTM)
[2021-12-27 21:06:08:385091][restartedMain] DEBUG k.n.s.FileScheduleSftmApplication - Running with Spring Boot v2.5.6, Spring v5.3.12
[2021-12-27 21:06:08:385091][restartedMain] INFO  k.n.s.FileScheduleSftmApplication - No active profile set, falling back to default profiles: default
[2021-12-27 21:06:09:385715][restartedMain] INFO  k.n.s.FileScheduleSftmApplication - Started FileScheduleSftmApplication in 0.651 seconds (JVM running for 386.578)
[2021-12-27 21:06:39:415597][restartedMain] INFO  k.n.s.FileScheduleSftmApplication - Starting FileScheduleSftmApplication using Java 1.8.0_241 on DESKTOP-SINPIE2 with PID 24904 (C:\project\apiproject\fileScheduleSFTM\target\classes started by USER in C:\project\apiproject\fileScheduleSFTM)
[2021-12-27 21:06:39:415597][restartedMain] DEBUG k.n.s.FileScheduleSftmApplication - Running with Spring Boot v2.5.6, Spring v5.3.12
[2021-12-27 21:06:39:415597][restartedMain] INFO  k.n.s.FileScheduleSftmApplication - No active profile set, falling back to default profiles: default
[2021-12-27 21:06:39:416121][restartedMain] INFO  k.n.s.FileScheduleSftmApplication - Started FileScheduleSftmApplication in 0.553 seconds (JVM running for 416.984)
[2021-12-27 21:06:56:432588][restartedMain] INFO  k.n.s.FileScheduleSftmApplication - Starting FileScheduleSftmApplication using Java 1.8.0_241 on DESKTOP-SINPIE2 with PID 24904 (C:\project\apiproject\fileScheduleSFTM\target\classes started by USER in C:\project\apiproject\fileScheduleSFTM)
[2021-12-27 21:06:56:432588][restartedMain] DEBUG k.n.s.FileScheduleSftmApplication - Running with Spring Boot v2.5.6, Spring v5.3.12
[2021-12-27 21:06:56:432588][restartedMain] INFO  k.n.s.FileScheduleSftmApplication - No active profile set, falling back to default profiles: default
[2021-12-27 21:06:56:432985][restartedMain] INFO  k.n.s.FileScheduleSftmApplication - Started FileScheduleSftmApplication in 0.42 seconds (JVM running for 433.847)
[2021-12-27 21:07:10:446358][restartedMain] INFO  k.n.s.FileScheduleSftmApplication - Starting FileScheduleSftmApplication using Java 1.8.0_241 on DESKTOP-SINPIE2 with PID 24904 (C:\project\apiproject\fileScheduleSFTM\target\classes started by USER in C:\project\apiproject\fileScheduleSFTM)
[2021-12-27 21:07:10:446359][restartedMain] DEBUG k.n.s.FileScheduleSftmApplication - Running with Spring Boot v2.5.6, Spring v5.3.12
[2021-12-27 21:07:10:446359][restartedMain] INFO  k.n.s.FileScheduleSftmApplication - No active profile set, falling back to default profiles: default
[2021-12-27 21:07:10:446823][restartedMain] INFO  k.n.s.FileScheduleSftmApplication - Started FileScheduleSftmApplication in 0.488 seconds (JVM running for 447.685)
[2021-12-27 21:07:31:467507][restartedMain] INFO  k.n.s.FileScheduleSftmApplication - Starting FileScheduleSftmApplication using Java 1.8.0_241 on DESKTOP-SINPIE2 with PID 24904 (C:\project\apiproject\fileScheduleSFTM\target\classes started by USER in C:\project\apiproject\fileScheduleSFTM)
[2021-12-27 21:07:31:467507][restartedMain] DEBUG k.n.s.FileScheduleSftmApplication - Running with Spring Boot v2.5.6, Spring v5.3.12
[2021-12-27 21:07:31:467507][restartedMain] INFO  k.n.s.FileScheduleSftmApplication - No active profile set, falling back to default profiles: default
[2021-12-27 21:07:31:467925][restartedMain] INFO  k.n.s.FileScheduleSftmApplication - Started FileScheduleSftmApplication in 0.441 seconds (JVM running for 468.787)
[2021-12-27 21:07:41:477201][restartedMain] INFO  k.n.s.FileScheduleSftmApplication - Starting FileScheduleSftmApplication using Java 1.8.0_241 on DESKTOP-SINPIE2 with PID 24904 (C:\project\apiproject\fileScheduleSFTM\target\classes started by USER in C:\project\apiproject\fileScheduleSFTM)
[2021-12-27 21:07:41:477201][restartedMain] DEBUG k.n.s.FileScheduleSftmApplication - Running with Spring Boot v2.5.6, Spring v5.3.12
[2021-12-27 21:07:41:477201][restartedMain] INFO  k.n.s.FileScheduleSftmApplication - No active profile set, falling back to default profiles: default
[2021-12-27 21:07:41:477636][restartedMain] INFO  k.n.s.FileScheduleSftmApplication - Started FileScheduleSftmApplication in 0.456 seconds (JVM running for 478.498)
[2021-12-27 21:08:38:534180][restartedMain] INFO  k.n.s.FileScheduleSftmApplication - Starting FileScheduleSftmApplication using Java 1.8.0_241 on DESKTOP-SINPIE2 with PID 24904 (C:\project\apiproject\fileScheduleSFTM\target\classes started by USER in C:\project\apiproject\fileScheduleSFTM)
[2021-12-27 21:08:38:534180][restartedMain] DEBUG k.n.s.FileScheduleSftmApplication - Running with Spring Boot v2.5.6, Spring v5.3.12
[2021-12-27 21:08:38:534181][restartedMain] INFO  k.n.s.FileScheduleSftmApplication - No active profile set, falling back to default profiles: default
[2021-12-27 21:08:38:534740][restartedMain] INFO  k.n.s.FileScheduleSftmApplication - Started FileScheduleSftmApplication in 0.587 seconds (JVM running for 535.602)
[2021-12-27 21:08:43:539934][restartedMain] INFO  k.n.s.FileScheduleSftmApplication - Starting FileScheduleSftmApplication using Java 1.8.0_241 on DESKTOP-SINPIE2 with PID 24904 (C:\project\apiproject\fileScheduleSFTM\target\classes started by USER in C:\project\apiproject\fileScheduleSFTM)
[2021-12-27 21:08:43:539935][restartedMain] DEBUG k.n.s.FileScheduleSftmApplication - Running with Spring Boot v2.5.6, Spring v5.3.12
[2021-12-27 21:08:43:539935][restartedMain] INFO  k.n.s.FileScheduleSftmApplication - No active profile set, falling back to default profiles: default
[2021-12-27 21:08:44:540396][restartedMain] INFO  k.n.s.FileScheduleSftmApplication - Started FileScheduleSftmApplication in 0.493 seconds (JVM running for 541.259)
[2021-12-27 21:08:52:548776][restartedMain] INFO  k.n.s.FileScheduleSftmApplication - Starting FileScheduleSftmApplication using Java 1.8.0_241 on DESKTOP-SINPIE2 with PID 24904 (C:\project\apiproject\fileScheduleSFTM\target\classes started by USER in C:\project\apiproject\fileScheduleSFTM)
[2021-12-27 21:08:52:548777][restartedMain] DEBUG k.n.s.FileScheduleSftmApplication - Running with Spring Boot v2.5.6, Spring v5.3.12
[2021-12-27 21:08:52:548777][restartedMain] INFO  k.n.s.FileScheduleSftmApplication - No active profile set, falling back to default profiles: default
[2021-12-27 21:08:52:549160][restartedMain] INFO  k.n.s.FileScheduleSftmApplication - Started FileScheduleSftmApplication in 0.407 seconds (JVM running for 550.023)
[2021-12-27 21:10:34:650719][restartedMain] INFO  k.n.s.FileScheduleSftmApplication - Starting FileScheduleSftmApplication using Java 1.8.0_241 on DESKTOP-SINPIE2 with PID 24904 (C:\project\apiproject\fileScheduleSFTM\target\classes started by USER in C:\project\apiproject\fileScheduleSFTM)
[2021-12-27 21:10:34:650720][restartedMain] DEBUG k.n.s.FileScheduleSftmApplication - Running with Spring Boot v2.5.6, Spring v5.3.12
[2021-12-27 21:10:34:650720][restartedMain] INFO  k.n.s.FileScheduleSftmApplication - No active profile set, falling back to default profiles: default
[2021-12-27 21:10:34:651168][restartedMain] INFO  k.n.s.FileScheduleSftmApplication - Started FileScheduleSftmApplication in 0.469 seconds (JVM running for 652.03)
[2021-12-27 21:11:14:690297][restartedMain] INFO  k.n.s.FileScheduleSftmApplication - Starting FileScheduleSftmApplication using Java 1.8.0_241 on DESKTOP-SINPIE2 with PID 24904 (C:\project\apiproject\fileScheduleSFTM\target\classes started by USER in C:\project\apiproject\fileScheduleSFTM)
[2021-12-27 21:11:14:690298][restartedMain] DEBUG k.n.s.FileScheduleSftmApplication - Running with Spring Boot v2.5.6, Spring v5.3.12
[2021-12-27 21:11:14:690298][restartedMain] INFO  k.n.s.FileScheduleSftmApplication - No active profile set, falling back to default profiles: default
[2021-12-27 21:11:14:690729][restartedMain] INFO  k.n.s.FileScheduleSftmApplication - Started FileScheduleSftmApplication in 0.455 seconds (JVM running for 691.591)
[2021-12-27 21:13:39:835660][restartedMain] INFO  k.n.s.FileScheduleSftmApplication - Starting FileScheduleSftmApplication using Java 1.8.0_241 on DESKTOP-SINPIE2 with PID 24904 (C:\project\apiproject\fileScheduleSFTM\target\classes started by USER in C:\project\apiproject\fileScheduleSFTM)
[2021-12-27 21:13:39:835661][restartedMain] DEBUG k.n.s.FileScheduleSftmApplication - Running with Spring Boot v2.5.6, Spring v5.3.12
[2021-12-27 21:13:39:835661][restartedMain] INFO  k.n.s.FileScheduleSftmApplication - No active profile set, falling back to default profiles: default
[2021-12-27 21:13:39:836120][restartedMain] INFO  k.n.s.FileScheduleSftmApplication - Started FileScheduleSftmApplication in 0.483 seconds (JVM running for 836.982)
[2021-12-27 21:13:59:855743][restartedMain] INFO  k.n.s.FileScheduleSftmApplication - Starting FileScheduleSftmApplication using Java 1.8.0_241 on DESKTOP-SINPIE2 with PID 24904 (C:\project\apiproject\fileScheduleSFTM\target\classes started by USER in C:\project\apiproject\fileScheduleSFTM)
[2021-12-27 21:13:59:855743][restartedMain] DEBUG k.n.s.FileScheduleSftmApplication - Running with Spring Boot v2.5.6, Spring v5.3.12
[2021-12-27 21:13:59:855743][restartedMain] INFO  k.n.s.FileScheduleSftmApplication - No active profile set, falling back to default profiles: default
[2021-12-27 21:13:59:856156][restartedMain] INFO  k.n.s.FileScheduleSftmApplication - Started FileScheduleSftmApplication in 0.435 seconds (JVM running for 857.019)
[2021-12-27 21:16:07:983835][restartedMain] INFO  k.n.s.FileScheduleSftmApplication - Starting FileScheduleSftmApplication using Java 1.8.0_241 on DESKTOP-SINPIE2 with PID 24904 (C:\project\apiproject\fileScheduleSFTM\target\classes started by USER in C:\project\apiproject\fileScheduleSFTM)
[2021-12-27 21:16:07:983835][restartedMain] DEBUG k.n.s.FileScheduleSftmApplication - Running with Spring Boot v2.5.6, Spring v5.3.12
[2021-12-27 21:16:07:983835][restartedMain] INFO  k.n.s.FileScheduleSftmApplication - No active profile set, falling back to default profiles: default
[2021-12-27 21:16:08:984297][restartedMain] INFO  k.n.s.FileScheduleSftmApplication - Started FileScheduleSftmApplication in 0.486 seconds (JVM running for 985.16)
[2021-12-27 21:16:16:992555][restartedMain] INFO  k.n.s.FileScheduleSftmApplication - Starting FileScheduleSftmApplication using Java 1.8.0_241 on DESKTOP-SINPIE2 with PID 24904 (C:\project\apiproject\fileScheduleSFTM\target\classes started by USER in C:\project\apiproject\fileScheduleSFTM)
[2021-12-27 21:16:16:992555][restartedMain] DEBUG k.n.s.FileScheduleSftmApplication - Running with Spring Boot v2.5.6, Spring v5.3.12
[2021-12-27 21:16:16:992555][restartedMain] INFO  k.n.s.FileScheduleSftmApplication - No active profile set, falling back to default profiles: default
[2021-12-27 21:16:16:992980][restartedMain] INFO  k.n.s.FileScheduleSftmApplication - Started FileScheduleSftmApplication in 0.446 seconds (JVM running for 993.843)
[2021-12-27 21:18:17:1113242][restartedMain] INFO  k.n.s.FileScheduleSftmApplication - Starting FileScheduleSftmApplication using Java 1.8.0_241 on DESKTOP-SINPIE2 with PID 24904 (C:\project\apiproject\fileScheduleSFTM\target\classes started by USER in C:\project\apiproject\fileScheduleSFTM)
[2021-12-27 21:18:17:1113243][restartedMain] DEBUG k.n.s.FileScheduleSftmApplication - Running with Spring Boot v2.5.6, Spring v5.3.12
[2021-12-27 21:18:17:1113243][restartedMain] INFO  k.n.s.FileScheduleSftmApplication - No active profile set, falling back to default profiles: default
[2021-12-27 21:18:17:1113695][restartedMain] INFO  k.n.s.FileScheduleSftmApplication - Started FileScheduleSftmApplication in 0.475 seconds (JVM running for 1114.557)
[2021-12-27 21:18:30:1127152][restartedMain] INFO  k.n.s.FileScheduleSftmApplication - Starting FileScheduleSftmApplication using Java 1.8.0_241 on DESKTOP-SINPIE2 with PID 24904 (C:\project\apiproject\fileScheduleSFTM\target\classes started by USER in C:\project\apiproject\fileScheduleSFTM)
[2021-12-27 21:18:30:1127153][restartedMain] DEBUG k.n.s.FileScheduleSftmApplication - Running with Spring Boot v2.5.6, Spring v5.3.12
[2021-12-27 21:18:30:1127153][restartedMain] INFO  k.n.s.FileScheduleSftmApplication - No active profile set, falling back to default profiles: default
[2021-12-27 21:18:31:1127543][restartedMain] INFO  k.n.s.FileScheduleSftmApplication - Started FileScheduleSftmApplication in 0.412 seconds (JVM running for 1128.405)
[2021-12-27 21:19:14:1170760][restartedMain] INFO  k.n.s.FileScheduleSftmApplication - Starting FileScheduleSftmApplication using Java 1.8.0_241 on DESKTOP-SINPIE2 with PID 24904 (C:\project\apiproject\fileScheduleSFTM\target\classes started by USER in C:\project\apiproject\fileScheduleSFTM)
[2021-12-27 21:19:14:1170760][restartedMain] DEBUG k.n.s.FileScheduleSftmApplication - Running with Spring Boot v2.5.6, Spring v5.3.12
[2021-12-27 21:19:14:1170760][restartedMain] INFO  k.n.s.FileScheduleSftmApplication - No active profile set, falling back to default profiles: default
[2021-12-27 21:19:15:1171218][restartedMain] INFO  k.n.s.FileScheduleSftmApplication - Started FileScheduleSftmApplication in 0.479 seconds (JVM running for 1172.08)
[2021-12-27 21:21:05:1282164][restartedMain] INFO  k.n.s.FileScheduleSftmApplication - Starting FileScheduleSftmApplication using Java 1.8.0_241 on DESKTOP-SINPIE2 with PID 24904 (C:\project\apiproject\fileScheduleSFTM\target\classes started by USER in C:\project\apiproject\fileScheduleSFTM)
[2021-12-27 21:21:05:1282164][restartedMain] DEBUG k.n.s.FileScheduleSftmApplication - Running with Spring Boot v2.5.6, Spring v5.3.12
[2021-12-27 21:21:05:1282164][restartedMain] INFO  k.n.s.FileScheduleSftmApplication - No active profile set, falling back to default profiles: default
[2021-12-27 21:21:06:1282671][restartedMain] INFO  k.n.s.FileScheduleSftmApplication - Started FileScheduleSftmApplication in 0.533 seconds (JVM running for 1283.533)
[2021-12-27 21:21:19:1296048][restartedMain] INFO  k.n.s.FileScheduleSftmApplication - Starting FileScheduleSftmApplication using Java 1.8.0_241 on DESKTOP-SINPIE2 with PID 24904 (C:\project\apiproject\fileScheduleSFTM\target\classes started by USER in C:\project\apiproject\fileScheduleSFTM)
[2021-12-27 21:21:19:1296049][restartedMain] DEBUG k.n.s.FileScheduleSftmApplication - Running with Spring Boot v2.5.6, Spring v5.3.12
[2021-12-27 21:21:19:1296049][restartedMain] INFO  k.n.s.FileScheduleSftmApplication - No active profile set, falling back to default profiles: default
[2021-12-27 21:21:20:1296480][restartedMain] INFO  k.n.s.FileScheduleSftmApplication - Started FileScheduleSftmApplication in 0.457 seconds (JVM running for 1297.343)
[2021-12-27 21:21:29:1305765][restartedMain] INFO  k.n.s.FileScheduleSftmApplication - Starting FileScheduleSftmApplication using Java 1.8.0_241 on DESKTOP-SINPIE2 with PID 24904 (C:\project\apiproject\fileScheduleSFTM\target\classes started by USER in C:\project\apiproject\fileScheduleSFTM)
[2021-12-27 21:21:29:1305765][restartedMain] DEBUG k.n.s.FileScheduleSftmApplication - Running with Spring Boot v2.5.6, Spring v5.3.12
[2021-12-27 21:21:29:1305765][restartedMain] INFO  k.n.s.FileScheduleSftmApplication - No active profile set, falling back to default profiles: default
[2021-12-27 21:21:29:1306168][restartedMain] INFO  k.n.s.FileScheduleSftmApplication - Started FileScheduleSftmApplication in 0.427 seconds (JVM running for 1307.03)
[2021-12-27 21:22:35:1372111][restartedMain] INFO  k.n.s.FileScheduleSftmApplication - Starting FileScheduleSftmApplication using Java 1.8.0_241 on DESKTOP-SINPIE2 with PID 24904 (C:\project\apiproject\fileScheduleSFTM\target\classes started by USER in C:\project\apiproject\fileScheduleSFTM)
[2021-12-27 21:22:35:1372111][restartedMain] DEBUG k.n.s.FileScheduleSftmApplication - Running with Spring Boot v2.5.6, Spring v5.3.12
[2021-12-27 21:22:35:1372111][restartedMain] INFO  k.n.s.FileScheduleSftmApplication - No active profile set, falling back to default profiles: default
[2021-12-27 21:22:36:1372655][restartedMain] INFO  k.n.s.FileScheduleSftmApplication - Started FileScheduleSftmApplication in 0.566 seconds (JVM running for 1373.517)
[2021-12-27 21:22:57:1393415][restartedMain] INFO  k.n.s.FileScheduleSftmApplication - Starting FileScheduleSftmApplication using Java 1.8.0_241 on DESKTOP-SINPIE2 with PID 24904 (C:\project\apiproject\fileScheduleSFTM\target\classes started by USER in C:\project\apiproject\fileScheduleSFTM)
[2021-12-27 21:22:57:1393415][restartedMain] DEBUG k.n.s.FileScheduleSftmApplication - Running with Spring Boot v2.5.6, Spring v5.3.12
[2021-12-27 21:22:57:1393415][restartedMain] INFO  k.n.s.FileScheduleSftmApplication - No active profile set, falling back to default profiles: default
[2021-12-27 21:22:57:1393865][restartedMain] INFO  k.n.s.FileScheduleSftmApplication - Started FileScheduleSftmApplication in 0.478 seconds (JVM running for 1394.727)
[2021-12-27 21:23:06:1402227][restartedMain] INFO  k.n.s.FileScheduleSftmApplication - Starting FileScheduleSftmApplication using Java 1.8.0_241 on DESKTOP-SINPIE2 with PID 24904 (C:\project\apiproject\fileScheduleSFTM\target\classes started by USER in C:\project\apiproject\fileScheduleSFTM)
[2021-12-27 21:23:06:1402227][restartedMain] DEBUG k.n.s.FileScheduleSftmApplication - Running with Spring Boot v2.5.6, Spring v5.3.12
[2021-12-27 21:23:06:1402227][restartedMain] INFO  k.n.s.FileScheduleSftmApplication - No active profile set, falling back to default profiles: default
[2021-12-27 21:23:06:1402960][restartedMain] INFO  k.n.s.FileScheduleSftmApplication - Started FileScheduleSftmApplication in 0.762 seconds (JVM running for 1403.823)
[2021-12-27 21:23:29:1425627][restartedMain] INFO  k.n.s.FileScheduleSftmApplication - Starting FileScheduleSftmApplication using Java 1.8.0_241 on DESKTOP-SINPIE2 with PID 24904 (C:\project\apiproject\fileScheduleSFTM\target\classes started by USER in C:\project\apiproject\fileScheduleSFTM)
[2021-12-27 21:23:29:1425627][restartedMain] DEBUG k.n.s.FileScheduleSftmApplication - Running with Spring Boot v2.5.6, Spring v5.3.12
[2021-12-27 21:23:29:1425627][restartedMain] INFO  k.n.s.FileScheduleSftmApplication - No active profile set, falling back to default profiles: default
[2021-12-27 21:23:29:1426021][restartedMain] INFO  k.n.s.FileScheduleSftmApplication - Started FileScheduleSftmApplication in 0.415 seconds (JVM running for 1426.884)
[2021-12-27 21:23:59:1455911][restartedMain] INFO  k.n.s.FileScheduleSftmApplication - Starting FileScheduleSftmApplication using Java 1.8.0_241 on DESKTOP-SINPIE2 with PID 24904 (C:\project\apiproject\fileScheduleSFTM\target\classes started by USER in C:\project\apiproject\fileScheduleSFTM)
[2021-12-27 21:23:59:1455912][restartedMain] DEBUG k.n.s.FileScheduleSftmApplication - Running with Spring Boot v2.5.6, Spring v5.3.12
[2021-12-27 21:23:59:1455912][restartedMain] INFO  k.n.s.FileScheduleSftmApplication - No active profile set, falling back to default profiles: default
[2021-12-27 21:24:00:1456306][restartedMain] INFO  k.n.s.FileScheduleSftmApplication - Started FileScheduleSftmApplication in 0.416 seconds (JVM running for 1457.168)
[2021-12-27 21:24:52:1508782][restartedMain] INFO  k.n.s.FileScheduleSftmApplication - Starting FileScheduleSftmApplication using Java 1.8.0_241 on DESKTOP-SINPIE2 with PID 24904 (C:\project\apiproject\fileScheduleSFTM\target\classes started by USER in C:\project\apiproject\fileScheduleSFTM)
[2021-12-27 21:24:52:1508782][restartedMain] DEBUG k.n.s.FileScheduleSftmApplication - Running with Spring Boot v2.5.6, Spring v5.3.12
[2021-12-27 21:24:52:1508782][restartedMain] INFO  k.n.s.FileScheduleSftmApplication - No active profile set, falling back to default profiles: default
[2021-12-27 21:24:53:1509239][restartedMain] INFO  k.n.s.FileScheduleSftmApplication - Started FileScheduleSftmApplication in 0.477 seconds (JVM running for 1510.101)
[2021-12-27 21:25:03:1519670][restartedMain] INFO  k.n.s.FileScheduleSftmApplication - Starting FileScheduleSftmApplication using Java 1.8.0_241 on DESKTOP-SINPIE2 with PID 24904 (C:\project\apiproject\fileScheduleSFTM\target\classes started by USER in C:\project\apiproject\fileScheduleSFTM)
[2021-12-27 21:25:03:1519670][restartedMain] DEBUG k.n.s.FileScheduleSftmApplication - Running with Spring Boot v2.5.6, Spring v5.3.12
[2021-12-27 21:25:03:1519670][restartedMain] INFO  k.n.s.FileScheduleSftmApplication - No active profile set, falling back to default profiles: default
[2021-12-27 21:25:03:1520029][restartedMain] INFO  k.n.s.FileScheduleSftmApplication - Started FileScheduleSftmApplication in 0.38 seconds (JVM running for 1520.891)
[2021-12-27 21:25:36:1552905][restartedMain] INFO  k.n.s.FileScheduleSftmApplication - Starting FileScheduleSftmApplication using Java 1.8.0_241 on DESKTOP-SINPIE2 with PID 24904 (C:\project\apiproject\fileScheduleSFTM\target\classes started by USER in C:\project\apiproject\fileScheduleSFTM)
[2021-12-27 21:25:36:1552905][restartedMain] DEBUG k.n.s.FileScheduleSftmApplication - Running with Spring Boot v2.5.6, Spring v5.3.12
[2021-12-27 21:25:36:1552905][restartedMain] INFO  k.n.s.FileScheduleSftmApplication - No active profile set, falling back to default profiles: default
[2021-12-27 21:25:37:1553303][restartedMain] INFO  k.n.s.FileScheduleSftmApplication - Started FileScheduleSftmApplication in 0.42 seconds (JVM running for 1554.165)
[2021-12-27 21:25:54:1570784][restartedMain] INFO  k.n.s.FileScheduleSftmApplication - Starting FileScheduleSftmApplication using Java 1.8.0_241 on DESKTOP-SINPIE2 with PID 24904 (C:\project\apiproject\fileScheduleSFTM\target\classes started by USER in C:\project\apiproject\fileScheduleSFTM)
[2021-12-27 21:25:54:1570784][restartedMain] DEBUG k.n.s.FileScheduleSftmApplication - Running with Spring Boot v2.5.6, Spring v5.3.12
[2021-12-27 21:25:54:1570784][restartedMain] INFO  k.n.s.FileScheduleSftmApplication - No active profile set, falling back to default profiles: default
[2021-12-27 21:25:54:1571140][restartedMain] INFO  k.n.s.FileScheduleSftmApplication - Started FileScheduleSftmApplication in 0.378 seconds (JVM running for 1572.003)
[2021-12-27 21:25:59:1575414][restartedMain] INFO  k.n.s.FileScheduleSftmApplication - Starting FileScheduleSftmApplication using Java 1.8.0_241 on DESKTOP-SINPIE2 with PID 24904 (C:\project\apiproject\fileScheduleSFTM\target\classes started by USER in C:\project\apiproject\fileScheduleSFTM)
[2021-12-27 21:25:59:1575414][restartedMain] DEBUG k.n.s.FileScheduleSftmApplication - Running with Spring Boot v2.5.6, Spring v5.3.12
[2021-12-27 21:25:59:1575414][restartedMain] INFO  k.n.s.FileScheduleSftmApplication - No active profile set, falling back to default profiles: default
[2021-12-27 21:25:59:1575768][restartedMain] INFO  k.n.s.FileScheduleSftmApplication - Started FileScheduleSftmApplication in 0.384 seconds (JVM running for 1576.63)
